<?xml version="1.0" encoding="UTF-8" ?>
<testsuite tests="55" failures="0" name="cp125.Test" time="0.03" errors="0" skipped="0">
  <properties>
[...]
</properties>
  <testcase classname="cp125.Test" name="canCreateNewInvoice" time="0.005"/>
  <testcase classname="cp125.Test" name="canGetWeekStartingDayOnTimeCard" time="0.014"/>
  <testcase classname="cp125.Test" name="canSetLastName" time="0"/>
  <testcase classname="cp125.Test" name="canGetContactForClientAccount" time="0"/>
  <testcase classname="cp125.Test" name="canGetLastName" time="0"/>
  <testcase classname="cp125.Test" name="canGetTotalHoursOnTimeCard" time="0.001"/>
  <testcase classname="cp125.Test" name="canGetSkillForConsultantTime" time="0"/>
  <testcase classname="cp125.Test" name="canSetContactForClientAccount" time="0.001"/>
  <testcase classname="cp125.Test" name="canSetStateCodeCA" time="0"/>
  <testcase classname="cp125.Test" name="canSetStateCodeWA" time="0"/>
  <testcase classname="cp125.Test" name="canGetConsultantForTimeCard" time="0"/>
  <testcase classname="cp125.Test" name="canCreateNewClientAccount" time="0"/>
  <testcase classname="cp125.Test" name="canGetNameForClientAccount" time="0"/>
  <testcase classname="cp125.Test" name="canAddConsultantTimeToTimeCard" time="0"/>
  <testcase classname="cp125.Test" name="canSetAccountForConsultantTime" time="0"/>
  <testcase classname="cp125.Test" name="canGetBillableHoursForClient" time="0"/>
  <testcase classname="cp125.Test" name="canCreateNewNameTwoArgs" time="0"/>
  <testcase classname="cp125.Test" name="canCompareNameObjectsUsingEqualsMethod" time="0.001"/>
  <testcase classname="cp125.Test" name="canGetInvoiceClientAccount" time="0"/>
  <testcase classname="cp125.Test" name="canGetConsultantName" time="0"/>
  <testcase classname="cp125.Test" name="canAddBillableTimeToTimeCard" time="0"/>
  <testcase classname="cp125.Test" name="canCreateNewTimeCard" time="0"/>
  <testcase classname="cp125.Test" name="canGetInvoiceLineItemConsultant" time="0.001"/>
  <testcase classname="cp125.Test" name="canGetFirstName" time="0"/>
  <testcase classname="cp125.Test" name="canGetHashCode" time="0"/>
  <testcase classname="cp125.Test" name="canGetCorrectValueOfIsBillableForClientAccount" time="0.001"/>
  <testcase classname="cp125.Test" name="canGetStartDateForInvoice" time="0"/>
  <testcase classname="cp125.Test" name="canAddNonBillableTimeToTimeCard" time="0"/>
  <testcase classname="cp125.Test" name="canCreateNewConsultantTime" time="0.001"/>
  <testcase classname="cp125.Test" name="canAddBillableHoursForClient" time="0"/>
  <testcase classname="cp125.Test" name="canGetAccountForConsultantTime" time="0"/>
  <testcase classname="cp125.Test" name="canGetHoursForConsultantTime" time="0"/>
  <testcase classname="cp125.Test" name="canCreateNewAddressAndGetEachAddressObjectProperty" time="0"/>
  <testcase classname="cp125.Test" name="consultantTimeIsNotBillable" time="0"/>
  <testcase classname="cp125.Test" name="canSetNonBillableAccount" time="0"/>
  <testcase classname="cp125.Test" name="canGetInvoiceLineItemHours" time="0.001"/>
  <testcase classname="cp125.Test" name="canGetInvoiceLineItemSkill" time="0"/>
  <testcase classname="cp125.Test" name="canSetDateForConsultantTime" time="0"/>
  <testcase classname="cp125.Test" name="canCreateNewNameThreeArgs" time="0"/>
  <testcase classname="cp125.Test" name="canCreateNewConsultant" time="0"/>
  <testcase classname="cp125.Test" name="canSetSkill" time="0"/>
  <testcase classname="cp125.Test" name="canSetFirstName" time="0"/>
  <testcase classname="cp125.Test" name="canGetMiddleName" time="0"/>
  <testcase classname="cp125.Test" name="canSetHoursForConsultantTime" time="0"/>
  <testcase classname="cp125.Test" name="canSetAndGetAddressForClientAccount" time="0.001"/>
  <testcase classname="cp125.Test" name="canGetDateForConsultantTime" time="0"/>
  <testcase classname="cp125.Test" name="canGetTotalNonBillableTimeOnTimeCard" time="0"/>
  <testcase classname="cp125.Test" name="canGetConsultingHoursOnTimeCard" time="0"/>
  <testcase classname="cp125.Test" name="canAddLineItemsToInvoice" time="0.001"/>
  <testcase classname="cp125.Test" name="canGetTotalBillableHoursOnTimeCard" time="0.001"/>
  <testcase classname="cp125.Test" name="canGetInvoiceMonth" time="0.001"/>
  <testcase classname="cp125.Test" name="consultantTimeIsBillable" time="0"/>
  <testcase classname="cp125.Test" name="canSetMiddleName" time="0"/>
  <testcase classname="cp125.Test" name="canCreateNewInvoiceLineItem" time="0"/>
  <testcase classname="cp125.Test" name="canGetInvoiceLineItemCharge" time="0"/>
</testsuite>